# JRE version: Java(TM) SE Runtime Environment (8.0_171-b11) (build 1.8.0_171-b11)
# Java VM: Java HotSpot(TM) 64-Bit Server VM (25.171-b11 mixed mode windows-amd64 compressed oops)
Heap:
 PSYoungGen      total 37888K, used 21287K [0x00000000d6000000, 0x00000000d8a00000, 0x0000000100000000)
  eden space 32768K, 56% used [0x00000000d6000000,0x00000000d71f1d18,0x00000000d8000000)
  from space 5120K, 56% used [0x00000000d8500000,0x00000000d87d8030,0x00000000d8a00000)
  to   space 5120K, 0% used [0x00000000d8000000,0x00000000d8000000,0x00000000d8500000)
 ParOldGen       total 86016K, used 16K [0x0000000082000000, 0x0000000087400000, 0x00000000d6000000)
  object space 86016K, 0% used [0x0000000082000000,0x0000000082004000,0x0000000087400000)
 Metaspace       used 6615K, capacity 6722K, committed 7040K, reserved 1056768K
  class space    used 738K, capacity 793K, committed 896K, reserved 1048576K
GC Heap History (4 events):
Event: 10.458 GC heap before
{Heap before GC invocations=1 (full 0):
 PSYoungGen      total 37888K, used 32768K [0x00000000d6000000, 0x00000000d8a00000, 0x0000000100000000)
  eden space 32768K, 100% used [0x00000000d6000000,0x00000000d8000000,0x00000000d8000000)
  from space 5120K, 0% used [0x00000000d8500000,0x00000000d8500000,0x00000000d8a00000)
  to   space 5120K, 0% used [0x00000000d8000000,0x00000000d8000000,0x00000000d8500000)
 ParOldGen       total 86016K, used 0K [0x0000000082000000, 0x0000000087400000, 0x00000000d6000000)
  object space 86016K, 0% used [0x0000000082000000,0x0000000082000000,0x0000000087400000)
 Metaspace       used 6603K, capacity 6722K, committed 7040K, reserved 1056768K
  class space    used 738K, capacity 793K, committed 896K, reserved 1048576K
Event: 10.465 GC heap after
Heap after GC invocations=1 (full 0):
 PSYoungGen      total 37888K, used 2264K [0x00000000d6000000, 0x00000000d8a00000, 0x0000000100000000)
  eden space 32768K, 0% used [0x00000000d6000000,0x00000000d6000000,0x00000000d8000000)
  from space 5120K, 44% used [0x00000000d8000000,0x00000000d8236030,0x00000000d8500000)
  to   space 5120K, 0% used [0x00000000d8500000,0x00000000d8500000,0x00000000d8a00000)
 ParOldGen       total 86016K, used 8K [0x0000000082000000, 0x0000000087400000, 0x00000000d6000000)
  object space 86016K, 0% used [0x0000000082000000,0x0000000082002000,0x0000000087400000)
 Metaspace       used 6603K, capacity 6722K, committed 7040K, reserved 1056768K
  class space    used 738K, capacity 793K, committed 896K, reserved 1048576K
}
Event: 13.815 GC heap before
{Heap before GC invocations=2 (full 0):
 PSYoungGen      total 37888K, used 35032K [0x00000000d6000000, 0x00000000d8a00000, 0x0000000100000000)
  eden space 32768K, 100% used [0x00000000d6000000,0x00000000d8000000,0x00000000d8000000)
  from space 5120K, 44% used [0x00000000d8000000,0x00000000d8236030,0x00000000d8500000)
  to   space 5120K, 0% used [0x00000000d8500000,0x00000000d8500000,0x00000000d8a00000)
 ParOldGen       total 86016K, used 8K [0x0000000082000000, 0x0000000087400000, 0x00000000d6000000)
  object space 86016K, 0% used [0x0000000082000000,0x0000000082002000,0x0000000087400000)
 Metaspace       used 6615K, capacity 6722K, committed 7040K, reserved 1056768K
  class space    used 738K, capacity 793K, committed 896K, reserved 1048576K
Event: 13.824 GC heap after
Heap after GC invocations=2 (full 0):
 PSYoungGen      total 37888K, used 2912K [0x00000000d6000000, 0x00000000d8a00000, 0x0000000100000000)
  eden space 32768K, 0% used [0x00000000d6000000,0x00000000d6000000,0x00000000d8000000)
  from space 5120K, 56% used [0x00000000d8500000,0x00000000d87d8030,0x00000000d8a00000)
  to   space 5120K, 0% used [0x00000000d8000000,0x00000000d8000000,0x00000000d8500000)
 ParOldGen       total 86016K, used 16K [0x0000000082000000, 0x0000000087400000, 0x00000000d6000000)
  object space 86016K, 0% used [0x0000000082000000,0x0000000082004000,0x0000000087400000)
 Metaspace       used 6615K, capacity 6722K, committed 7040K, reserved 1056768K
  class space    used 738K, capacity 793K, committed 896K, reserved 1048576K
}

